<?xml version="1.0" encoding="UTF-8"?>
<testsuite xmlns:xsi="http://www.w3.org/2001/XMLSchema-instance" xsi:noNamespaceSchemaLocation="https://maven.apache.org/surefire/maven-surefire-plugin/xsd/surefire-test-report-3.0.xsd" version="3.0" name="TestSuite" time="220.529" tests="7" errors="0" skipped="2" failures="5">
  <properties>
[...]
</properties>
  <testcase name="testTWOCR1" classname="in.roytalsundaram.scripts.TWOCRE1" time="0.045">
    <failure message="org/apache/poi/ss/usermodel/WorkbookFactory" type="java.lang.NoClassDefFoundError">java.lang.NoClassDefFoundError: org/apache/poi/ss/usermodel/WorkbookFactory
	at in.roytalsundaram.scripts.TWOCRE1.testTWOCR1(TWOCRE1.java:20)
Caused by: java.lang.ClassNotFoundException: org.apache.poi.ss.usermodel.WorkbookFactory
	at in.roytalsundaram.scripts.TWOCRE1.testTWOCR1(TWOCRE1.java:20)
</failure>
    <system-err><![CDATA[Starting ChromeDriver 2.45.615291 (ec3682e3c9061c10f26ea9e5cdcf3c53f3f74387) on port 4065
Only local connections are allowed.
Apr 05, 2019 6:59:56 PM org.openqa.selenium.remote.ProtocolHandshake createSession
INFO: Detected dialect: OSS
]]></system-err>
  </testcase>
  <testcase name="testselect" classname="in.roytalsundaram.scripts.SelectDemo" time="74.411">
    <failure message="Cannot locate option with index: 2&#10;For documentation on this error, please visit: https://www.seleniumhq.org/exceptions/no_such_element.html&#10;Build info: version: &apos;3.141.59&apos;, revision: &apos;e82be7d358&apos;, time: &apos;2018-11-14T08:17:03&apos;&#10;System info: host: &apos;LAPTOP-QMLJP549&apos;, ip: &apos;192.168.111.1&apos;, os.name: &apos;Windows 10&apos;, os.arch: &apos;amd64&apos;, os.version: &apos;10.0&apos;, java.version: &apos;1.8.0_191&apos;&#10;Driver info: driver.version: unknown" type="org.openqa.selenium.NoSuchElementException">org.openqa.selenium.NoSuchElementException: 
Cannot locate option with index: 2
For documentation on this error, please visit: https://www.seleniumhq.org/exceptions/no_such_element.html
Build info: version: '3.141.59', revision: 'e82be7d358', time: '2018-11-14T08:17:03'
System info: host: 'LAPTOP-QMLJP549', ip: '192.168.111.1', os.name: 'Windows 10', os.arch: 'amd64', os.version: '10.0', java.version: '1.8.0_191'
Driver info: driver.version: unknown
	at in.roytalsundaram.scripts.SelectDemo.testselect(SelectDemo.java:61)
</failure>
    <system-err><![CDATA[Starting ChromeDriver 2.45.615291 (ec3682e3c9061c10f26ea9e5cdcf3c53f3f74387) on port 47088
Only local connections are allowed.
Apr 05, 2019 7:00:12 PM org.openqa.selenium.remote.ProtocolHandshake createSession
INFO: Detected dialect: OSS
]]></system-err>
  </testcase>
  <testcase name="openApp" classname="in.roytalsundaram.scripts.Invalid" time="95.855">
    <failure message="Timed out waiting for driver server to start.&#10;Build info: version: &apos;3.141.59&apos;, revision: &apos;e82be7d358&apos;, time: &apos;2018-11-14T08:17:03&apos;&#10;System info: host: &apos;LAPTOP-QMLJP549&apos;, ip: &apos;192.168.111.1&apos;, os.name: &apos;Windows 10&apos;, os.arch: &apos;amd64&apos;, os.version: &apos;10.0&apos;, java.version: &apos;1.8.0_191&apos;&#10;Driver info: driver.version: ChromeDriver" type="org.openqa.selenium.WebDriverException">org.openqa.selenium.WebDriverException: 
Timed out waiting for driver server to start.
Build info: version: '3.141.59', revision: 'e82be7d358', time: '2018-11-14T08:17:03'
System info: host: 'LAPTOP-QMLJP549', ip: '192.168.111.1', os.name: 'Windows 10', os.arch: 'amd64', os.version: '10.0', java.version: '1.8.0_191'
Driver info: driver.version: ChromeDriver
Caused by: org.openqa.selenium.net.UrlChecker$TimeoutException: Timed out waiting for [http://localhost:41516/status] to be available after 20002 ms
Caused by: java.util.concurrent.TimeoutException
</failure>
    <system-err><![CDATA[Starting ChromeDriver 2.45.615291 (ec3682e3c9061c10f26ea9e5cdcf3c53f3f74387) on port 41516
Only local connections are allowed.
]]></system-err>
  </testcase>
  <testcase name="twowheelerinsu" classname="in.roytalsundaram.scripts.Invalid" time="0">
    <skipped message="Timed out waiting for driver server to start.&#10;Build info: version: &apos;3.141.59&apos;, revision: &apos;e82be7d358&apos;, time: &apos;2018-11-14T08:17:03&apos;&#10;System info: host: &apos;LAPTOP-QMLJP549&apos;, ip: &apos;192.168.111.1&apos;, os.name: &apos;Windows 10&apos;, os.arch: &apos;amd64&apos;, os.version: &apos;10.0&apos;, java.version: &apos;1.8.0_191&apos;&#10;Driver info: driver.version: ChromeDriver"/>
  </testcase>
  <testcase name="twowheelerinsu" classname="in.roytalsundaram.scripts.TwoWheelerInusurence" time="0.001">
    <failure message="org/apache/poi/ss/usermodel/WorkbookFactory" type="java.lang.NoClassDefFoundError">java.lang.NoClassDefFoundError: org/apache/poi/ss/usermodel/WorkbookFactory
	at in.roytalsundaram.scripts.TwoWheelerInusurence.twowheelerinsu(TwoWheelerInusurence.java:15)
</failure>
    <system-err><![CDATA[Starting ChromeDriver 2.45.615291 (ec3682e3c9061c10f26ea9e5cdcf3c53f3f74387) on port 18695
Only local connections are allowed.
[1554471131.279][WARNING]: Timed out connecting to Chrome, retrying...
Apr 05, 2019 7:02:18 PM org.openqa.selenium.remote.ProtocolHandshake createSession
INFO: Detected dialect: OSS
]]></system-err>
  </testcase>
  <testcase name="openApp" classname="in.roytalsundaram.scripts.TWOCRE" time="20.392">
    <failure message="Timed out waiting for driver server to start.&#10;Build info: version: &apos;3.141.59&apos;, revision: &apos;e82be7d358&apos;, time: &apos;2018-11-14T08:17:03&apos;&#10;System info: host: &apos;LAPTOP-QMLJP549&apos;, ip: &apos;192.168.111.1&apos;, os.name: &apos;Windows 10&apos;, os.arch: &apos;amd64&apos;, os.version: &apos;10.0&apos;, java.version: &apos;1.8.0_191&apos;&#10;Driver info: driver.version: ChromeDriver" type="org.openqa.selenium.WebDriverException">org.openqa.selenium.WebDriverException: 
Timed out waiting for driver server to start.
Build info: version: '3.141.59', revision: 'e82be7d358', time: '2018-11-14T08:17:03'
System info: host: 'LAPTOP-QMLJP549', ip: '192.168.111.1', os.name: 'Windows 10', os.arch: 'amd64', os.version: '10.0', java.version: '1.8.0_191'
Driver info: driver.version: ChromeDriver
Caused by: org.openqa.selenium.net.UrlChecker$TimeoutException: Timed out waiting for [http://localhost:24505/status] to be available after 20005 ms
Caused by: java.util.concurrent.TimeoutException
</failure>
    <system-err><![CDATA[Starting ChromeDriver 2.45.615291 (ec3682e3c9061c10f26ea9e5cdcf3c53f3f74387) on port 24505
Only local connections are allowed.
]]></system-err>
  </testcase>
  <testcase name="testTWOCR" classname="in.roytalsundaram.scripts.TWOCRE" time="0">
    <skipped message="Timed out waiting for driver server to start.&#10;Build info: version: &apos;3.141.59&apos;, revision: &apos;e82be7d358&apos;, time: &apos;2018-11-14T08:17:03&apos;&#10;System info: host: &apos;LAPTOP-QMLJP549&apos;, ip: &apos;192.168.111.1&apos;, os.name: &apos;Windows 10&apos;, os.arch: &apos;amd64&apos;, os.version: &apos;10.0&apos;, java.version: &apos;1.8.0_191&apos;&#10;Driver info: driver.version: ChromeDriver"/>
  </testcase>
</testsuite>